<?xml version="1.0" encoding="UTF-8"?>
<testng-results skipped="0" failed="0" ignored="0" total="1" passed="1">
  <reporter-output>
  </reporter-output>
  <suite name="Suite" duration-ms="14821" started-at="2017-12-27T12:28:28Z" finished-at="2017-12-27T12:28:43Z">
    <groups>
    </groups>
    <test name="Test" duration-ms="14821" started-at="2017-12-27T12:28:28Z" finished-at="2017-12-27T12:28:43Z">
      <class name="Maven.launchBrowser">
        <test-method status="PASS" signature="method()[pri:0, instance:Maven.launchBrowser@105fece7]" name="method" is-config="true" duration-ms="4631" started-at="2017-12-27T17:58:28Z" finished-at="2017-12-27T17:58:33Z">
          <reporter-output>
          </reporter-output>
        </test-method> <!-- method -->
        <test-method status="PASS" signature="Method1()[pri:0, instance:Maven.launchBrowser@105fece7]" name="Method1" duration-ms="10098" started-at="2017-12-27T17:58:33Z" finished-at="2017-12-27T17:58:43Z">
          <reporter-output>
          </reporter-output>
        </test-method> <!-- Method1 -->
      </class> <!-- Maven.launchBrowser -->
    </test> <!-- Test -->
  </suite> <!-- Suite -->
</testng-results>
